<?xml version="1.0" encoding="UTF-8"?>
<!-- Generated by org.testng.reporters.JUnitXMLReporter -->
<testsuite ignored="0" hostname="DESKTOP-8VF1PVM" failures="0" tests="3" name="Default test" time="0.067" errors="0" timestamp="2022-10-28T13:14:13 IST">
  <testcase classname="com.failedtestcase.DependsMethod" name="test2" time="0.009"/>
  <testcase classname="com.failedtestcase.DependsMethod" name="test3" time="0.003"/>
  <testcase classname="com.failedtestcase.DependsMethod" name="test1" time="0.002"/>
</testsuite> <!-- Default test -->
