<?xml version="1.0" encoding="UTF-8"?>
<testng-results ignored="0" total="3" passed="3" failed="0" skipped="0">
  <reporter-output>
  </reporter-output>
  <suite started-at="2022-10-28T13:14:13 IST" name="Default suite" finished-at="2022-10-28T13:14:13 IST" duration-ms="67">
    <groups>
    </groups>
    <test started-at="2022-10-28T13:14:13 IST" name="Default test" finished-at="2022-10-28T13:14:13 IST" duration-ms="67">
      <class name="com.failedtestcase.DependsMethod">
        <test-method signature="test2()[pri:0, instance:com.failedtestcase.DependsMethod@63a12c68]" started-at="2022-10-28T13:14:13 IST" name="test2" finished-at="2022-10-28T13:14:13 IST" duration-ms="9" status="PASS">
          <reporter-output>
          </reporter-output>
        </test-method> <!-- test2 -->
        <test-method signature="test3()[pri:0, instance:com.failedtestcase.DependsMethod@63a12c68]" started-at="2022-10-28T13:14:13 IST" name="test3" finished-at="2022-10-28T13:14:13 IST" duration-ms="3" status="PASS">
          <reporter-output>
          </reporter-output>
        </test-method> <!-- test3 -->
        <test-method signature="test1()[pri:0, instance:com.failedtestcase.DependsMethod@63a12c68]" started-at="2022-10-28T13:14:13 IST" name="test1" finished-at="2022-10-28T13:14:13 IST" depends-on-methods="com.failedtestcase.DependsMethod.test2, com.failedtestcase.DependsMethod.test3" duration-ms="2" status="PASS">
          <reporter-output>
          </reporter-output>
        </test-method> <!-- test1 -->
      </class> <!-- com.failedtestcase.DependsMethod -->
    </test> <!-- Default test -->
  </suite> <!-- Default suite -->
</testng-results>
